app/build/outputs/mapping/release/seeds.txt
android.support.constraint.solver.widgets.ConstraintWidget$ContentAlignment: android.support.constraint.solver.widgets.ConstraintWidget$ContentAlignment[] values()
android.support.constraint.solver.widgets.ConstraintWidget$ContentAlignment: android.support.constraint.solver.widgets.ConstraintWidget$ContentAlignment valueOf(java.lang.String)
android.support.constraint.solver.widgets.ConstraintWidget$DimensionBehaviour: android.support.constraint.solver.widgets.ConstraintWidget$DimensionBehaviour[] values()
android.support.constraint.solver.widgets.ConstraintWidget$DimensionBehaviour: android.support.constraint.solver.widgets.ConstraintWidget$DimensionBehaviour valueOf(java.lang.String)
android.support.coordinatorlayout.R$attr: int alpha
android.support.coordinatorlayout.R$attr: int coordinatorLayoutStyle
android.support.coordinatorlayout.R$attr: int font
android.support.coordinatorlayout.R$attr: int fontProviderAuthority
android.support.coordinatorlayout.R$attr: int fontProviderCerts
android.support.coordinatorlayout.R$attr: int fontProviderFetchStrategy
android.support.coordinatorlayout.R$attr: int fontProviderFetchTimeout
android.support.coordinatorlayout.R$attr: int fontProviderPackage
android.support.coordinatorlayout.R$attr: int fontProviderQuery
android.support.coordinatorlayout.R$attr: int fontStyle
android.support.coordinatorlayout.R$attr: int fontVariationSettings
android.support.coordinatorlayout.R$attr: int fontWeight
android.support.coordinatorlayout.R$attr: int keylines
android.support.coordinatorlayout.R$attr: int layout_anchor
android.support.coordinatorlayout.R$attr: int layout_anchorGravity
android.support.coordinatorlayout.R$attr: int layout_behavior
android.support.coordinatorlayout.R$attr: int layout_dodgeInsetEdges
android.support.coordinatorlayout.R$attr: int layout_insetEdge
android.support.coordinatorlayout.R$attr: int layout_keyline
android.support.coordinatorlayout.R$attr: int statusBarBackground
android.support.coordinatorlayout.R$attr: int ttcIndex
android.support.coordinatorlayout.R$color: int notification_action_color_filter
android.support.coordinatorlayout.R$color: int notification_icon_bg_color
android.support.coordinatorlayout.R$color: int ripple_material_light
android.support.coordinatorlayout.R$color: int secondary_text_default_material_light
android.support.coordinatorlayout.R$dimen: int compat_button_inset_horizontal_material
android.support.coordinatorlayout.R$dimen: int compat_button_inset_vertical_material
android.support.coordinatorlayout.R$dimen: int compat_button_padding_horizontal_material
android.support.coordinatorlayout.R$dimen: int compat_button_padding_vertical_material
android.support.coordinatorlayout.R$dimen: int compat_control_corner_material
android.support.coordinatorlayout.R$dimen: int compat_notification_large_icon_max_height
android.support.coordinatorlayout.R$dimen: int compat_notification_large_icon_max_width
android.support.coordinatorlayout.R$dimen: int notification_action_icon_size
android.support.coordinatorlayout.R$dimen: int notification_action_text_size
android.support.coordinatorlayout.R$dimen: int notification_big_circle_margin
android.support.coordinatorlayout.R$dimen: int notification_content_margin_start
android.support.coordinatorlayout.R$dimen: int notification_large_icon_height
android.support.coordinatorlayout.R$dimen: int notification_large_icon_width
android.support.coordinatorlayout.R$dimen: int notification_main_column_padding_top
android.support.coordinatorlayout.R$dimen: int notification_media_narrow_margin
android.support.coordinatorlayout.R$dimen: int notification_right_icon_size
android.support.coordinatorlayout.R$dimen: int notification_right_side_padding_top
android.support.coordinatorlayout.R$dimen: int notification_small_icon_background_padding