app/build/outputs/mapping/release/mapping.txt
android.support.v7.widget.ToolbarWidgetWrapper -> android.support.v7.widget.bp:
    android.support.v7.widget.Toolbar mToolbar -> a
    int mDisplayOpts -> e
    android.view.View mTabView -> f
    android.view.View mCustomView -> g
    android.graphics.drawable.Drawable mIcon -> h
    android.graphics.drawable.Drawable mLogo -> i
    android.graphics.drawable.Drawable mNavIcon -> j
    boolean mTitleSet -> k
    java.lang.CharSequence mTitle -> b
    java.lang.CharSequence mSubtitle -> l
    java.lang.CharSequence mHomeDescription -> m
    android.view.Window$Callback mWindowCallback -> c
    boolean mMenuPrepared -> d
    android.support.v7.widget.ActionMenuPresenter mActionMenuPresenter -> n
    int mNavigationMode -> o
    int mDefaultNavigationContentDescription -> p
    android.graphics.drawable.Drawable mDefaultNavigationIcon -> q
    void <init>(android.support.v7.widget.Toolbar,boolean) -> <init>
    void <init>(android.support.v7.widget.Toolbar,boolean,int,int) -> <init>
    void setDefaultNavigationContentDescription(int) -> e
    int detectDisplayOptions() -> r
    android.view.ViewGroup getViewGroup() -> a
    android.content.Context getContext() -> b
    boolean hasExpandedActionView() -> c
    void collapseActionView() -> d
    void setWindowCallback(android.view.Window$Callback) -> a
    void setWindowTitle(java.lang.CharSequence) -> a
    java.lang.CharSequence getTitle() -> e
    void setTitle(java.lang.CharSequence) -> b
android.support.v7.widget.ToolbarWidgetWrapper$1 -> android.support.v7.widget.bp$1:
    android.support.v7.view.menu.ActionMenuItem mNavItem -> a
    android.support.v7.widget.ToolbarWidgetWrapper this$0 -> b
    void <init>(android.support.v7.widget.ToolbarWidgetWrapper) -> <init>
    void onClick(android.view.View) -> onClick
android.support.v7.widget.ToolbarWidgetWrapper$2 -> android.support.v7.widget.bp$2:
    boolean mCanceled -> c
    int val$visibility -> a
    android.support.v7.widget.ToolbarWidgetWrapper this$0 -> b
    void <init>(android.support.v7.widget.ToolbarWidgetWrapper,int) -> <init>
    void onAnimationStart(android.view.View) -> a
    void onAnimationEnd(android.view.View) -> b
    void onAnimationCancel(android.view.View) -> c
android.support.v7.widget.TooltipCompat -> android.support.v7.widget.bq:
    void setTooltipText(android.view.View,java.lang.CharSequence) -> a
android.support.v7.widget.TooltipCompatHandler -> android.support.v7.widget.br:
    android.view.View mAnchor -> a
    java.lang.CharSequence mTooltipText -> b
    int mHoverSlop -> c
    java.lang.Runnable mShowRunnable -> d
    java.lang.Runnable mHideRunnable -> e
    int mAnchorX -> f
    int mAnchorY -> g
    android.support.v7.widget.TooltipPopup mPopup -> h
    boolean mFromTouch -> i
    android.support.v7.widget.TooltipCompatHandler sPendingHandler -> j
    android.support.v7.widget.TooltipCompatHandler sActiveHandler -> k
    void setTooltipText(android.view.View,java.lang.CharSequence) -> a
    void <init>(android.view.View,java.lang.CharSequence) -> <init>
    boolean onLongClick(android.view.View) -> onLongClick
    boolean onHover(android.view.View,android.view.MotionEvent) -> onHover
    void onViewAttachedToWindow(android.view.View) -> onViewAttachedToWindow
    void onViewDetachedFromWindow(android.view.View) -> onViewDetachedFromWindow
    void show(boolean) -> a
    void hide() -> a
    void setPendingHandler(android.support.v7.widget.TooltipCompatHandler) -> a
    void scheduleShow() -> b
    void cancelPendingShow() -> c
    boolean updateAnchorPos(android.view.MotionEvent) -> a
    void clearAnchorPos() -> d
android.support.v7.widget.TooltipCompatHandler$1 -> android.support.v7.widget.br$1:
    android.support.v7.widget.TooltipCompatHandler this$0 -> a
    void <init>(android.support.v7.widget.TooltipCompatHandler) -> <init>
    void run() -> run