app/build/outputs/mapping/release/usage.txt
android.support.v4.view.WindowCompat
android.support.v4.view.WindowInsetsCompat:
    44:50:public WindowInsetsCompat(android.support.v4.view.WindowInsetsCompat)
    130:133:public boolean hasSystemWindowInsets()
    143:146:public boolean hasInsets()
    182:185:public boolean isRound()
    195:198:public android.support.v4.view.WindowInsetsCompat consumeSystemWindowInsets()
    230:234:public android.support.v4.view.WindowInsetsCompat replaceSystemWindowInsets(android.graphics.Rect)
    250:253:public int getStableInsetTop()
    269:272:public int getStableInsetLeft()
    288:291:public int getStableInsetRight()
    308:311:public int getStableInsetBottom()
    327:330:public boolean hasStableInsets()
    340:343:public android.support.v4.view.WindowInsetsCompat consumeStableInsets()
    355:358:public android.support.v4.view.DisplayCutoutCompat getDisplayCutout()
    368:371:public android.support.v4.view.WindowInsetsCompat consumeDisplayCutout()
android.support.v4.view.accessibility.AccessibilityEventCompat:
    public static final int TYPE_VIEW_HOVER_ENTER
    public static final int TYPE_VIEW_HOVER_EXIT
    public static final int TYPE_TOUCH_EXPLORATION_GESTURE_START
    public static final int TYPE_TOUCH_EXPLORATION_GESTURE_END
    public static final int TYPE_WINDOW_CONTENT_CHANGED
    public static final int TYPE_VIEW_SCROLLED
    public static final int TYPE_VIEW_TEXT_SELECTION_CHANGED
    public static final int TYPE_ANNOUNCEMENT
    public static final int TYPE_VIEW_ACCESSIBILITY_FOCUSED
    public static final int TYPE_VIEW_ACCESSIBILITY_FOCUS_CLEARED
    public static final int TYPE_VIEW_TEXT_TRAVERSED_AT_MOVEMENT_GRANULARITY
    public static final int TYPE_GESTURE_DETECTION_START
    public static final int TYPE_GESTURE_DETECTION_END
    public static final int TYPE_TOUCH_INTERACTION_START
    public static final int TYPE_TOUCH_INTERACTION_END
    public static final int TYPE_WINDOWS_CHANGED
    public static final int TYPE_VIEW_CONTEXT_CLICKED
    public static final int TYPE_ASSIST_READING_CONTEXT
    public static final int CONTENT_CHANGE_TYPE_UNDEFINED
    public static final int CONTENT_CHANGE_TYPE_SUBTREE
    public static final int CONTENT_CHANGE_TYPE_TEXT
    public static final int CONTENT_CHANGE_TYPE_CONTENT_DESCRIPTION
    public static final int TYPES_ALL_MASK
    191:193:private AccessibilityEventCompat()
android.support.v4.view.accessibility.AccessibilityManagerCompat:
    46:49:public static boolean addAccessibilityStateChangeListener(android.view.accessibility.AccessibilityManager,android.support.v4.view.accessibility.AccessibilityManagerCompat$AccessibilityStateChangeListener)
    66:69:public static boolean removeAccessibilityStateChangeListener(android.view.accessibility.AccessibilityManager,android.support.v4.view.accessibility.AccessibilityManagerCompat$AccessibilityStateChangeListener)
    117:117:public static java.util.List getInstalledAccessibilityServiceList(android.view.accessibility.AccessibilityManager)
    140:140:public static java.util.List getEnabledAccessibilityServiceList(android.view.accessibility.AccessibilityManager,int)
    153:153:public static boolean isTouchExplorationEnabled(android.view.accessibility.AccessibilityManager)
    274:274:private AccessibilityManagerCompat()
android.support.v4.view.accessibility.AccessibilityManagerCompat$AccessibilityStateChangeListener
android.support.v4.view.accessibility.AccessibilityManagerCompat$AccessibilityStateChangeListenerCompat
android.support.v4.view.accessibility.AccessibilityManagerCompat$AccessibilityStateChangeListenerWrapper